Using pre-set license
Built from '2020.3/staging' branch; Version is '2020.3.30f1 (1fb1bf06830e) revision 2077119'; Using compiler version '192528614'; Build Type 'Release'
OS: 'Windows 11  (10.0.22000) 64bit CoreSingleLanguage' Language: 'en' Physical Memory: 7600 MB
BatchMode: 1, IsHumanControllingUs: 0, StartBugReporterOnCrash: 0, Is64bit: 1, IsPro: 0

COMMAND LINE ARGUMENTS:
C:\Program Files\Unity\Hub\Editor\2020.3.30f1\Editor\Unity.exe
-adb2
-batchMode
-noUpm
-name
AssetImportWorker0
-projectPath
C:/front end/project_exibhition_2/Main Menu
-logFile
Logs/AssetImportWorker0.log
-srvPort
55732
Successfully changed project path to: C:/front end/project_exibhition_2/Main Menu
C:/front end/project_exibhition_2/Main Menu
Using Asset Import Pipeline V2.
Refreshing native plugins compatible for Editor in 95.33 ms, found 3 plugins.
Preloading 0 native plugins for Editor in 0.00 ms.
Initialize engine version: 2020.3.30f1 (1fb1bf06830e)
[Subsystems] Discovering subsystems at path C:/Program Files/Unity/Hub/Editor/2020.3.30f1/Editor/Data/Resources/UnitySubsystems
[Subsystems] Discovering subsystems at path C:/front end/project_exibhition_2/Main Menu/Assets
GfxDevice: creating device client; threaded=0
Direct3D:
    Version:  Direct3D 11.0 [level 11.1]
    Renderer: NVIDIA GeForce GTX 1650 (ID=0x1f9d)
    Vendor:   
    VRAM:     3962 MB
    Driver:   30.0.14.9729
Initialize mono
Mono path[0] = 'C:/Program Files/Unity/Hub/Editor/2020.3.30f1/Editor/Data/Managed'
Mono path[1] = 'C:/Program Files/Unity/Hub/Editor/2020.3.30f1/Editor/Data/MonoBleedingEdge/lib/mono/unityjit'
Mono config path = 'C:/Program Files/Unity/Hub/Editor/2020.3.30f1/Editor/Data/MonoBleedingEdge/etc'
Using monoOptions --debugger-agent=transport=dt_socket,embedding=1,server=y,suspend=n,address=127.0.0.1:56140
Begin MonoManager ReloadAssembly
Registering precompiled unity dll's ...
Register platform support module: C:/Program Files/Unity/Hub/Editor/2020.3.30f1/Editor/Data/PlaybackEngines/WindowsStandaloneSupport/UnityEditor.WindowsStandalone.Extensions.dll
Registered in 0.004266 seconds.
Native extension for WindowsStandalone target not found
Refreshing native plugins compatible for Editor in 89.40 ms, found 3 plugins.
Preloading 0 native plugins for Editor in 0.00 ms.
Mono: successfully reloaded assembly
- Completed reload, in  1.059 seconds
Domain Reload Profiling:
	ReloadAssembly (1059ms)
		BeginReloadAssembly (147ms)
			ExecutionOrderSort (0ms)
			DisableScriptedObjects (0ms)
			BackupInstance (0ms)
			ReleaseScriptingObjects (0ms)
			CreateAndSetChildDomain (1ms)
		EndReloadAssembly (766ms)
			LoadAssemblies (142ms)
			RebuildTransferFunctionScriptingTraits (0ms)
			SetupTypeCache (246ms)
			ReleaseScriptCaches (0ms)
			RebuildScriptCaches (49ms)
			SetupLoadedEditorAssemblies (288ms)
				LogAssemblyErrors (0ms)
				InitializePlatformSupportModulesInManaged (7ms)
				SetLoadedEditorAssemblies (0ms)
				RefreshPlugins (90ms)
				BeforeProcessingInitializeOnLoad (13ms)
				ProcessInitializeOnLoadAttributes (131ms)
				ProcessInitializeOnLoadMethodAttributes (46ms)
				AfterProcessingInitializeOnLoad (0ms)
				EditorAssembliesLoaded (1ms)
			ExecutionOrderSort2 (0ms)
			AwakeInstancesAfterBackupRestoration (0ms)
Platform modules already initialized, skipping
Registering precompiled user dll's ...
Registered in 0.006551 seconds.
Begin MonoManager ReloadAssembly
Native extension for WindowsStandalone target not found
Refreshing native plugins compatible for Editor in 91.95 ms, found 3 plugins.
Preloading 0 native plugins for Editor in 0.00 ms.
Mono: successfully reloaded assembly
- Completed reload, in  1.941 seconds
Domain Reload Profiling:
	ReloadAssembly (1943ms)
		BeginReloadAssembly (253ms)
			ExecutionOrderSort (0ms)
			DisableScriptedObjects (10ms)
			BackupInstance (0ms)
			ReleaseScriptingObjects (0ms)
			CreateAndSetChildDomain (26ms)
		EndReloadAssembly (1581ms)
			LoadAssemblies (176ms)
			RebuildTransferFunctionScriptingTraits (0ms)
			SetupTypeCache (477ms)
			ReleaseScriptCaches (1ms)
			RebuildScriptCaches (79ms)
			SetupLoadedEditorAssemblies (667ms)
				LogAssemblyErrors (0ms)
				InitializePlatformSupportModulesInManaged (5ms)
				SetLoadedEditorAssemblies (0ms)
				RefreshPlugins (92ms)
				BeforeProcessingInitializeOnLoad (131ms)
				ProcessInitializeOnLoadAttributes (395ms)
				ProcessInitializeOnLoadMethodAttributes (30ms)
				AfterProcessingInitializeOnLoad (12ms)
				EditorAssembliesLoaded (0ms)
			ExecutionOrderSort2 (0ms)
			AwakeInstancesAfterBackupRestoration (9ms)
Platform modules already initialized, skipping
========================================================================
Worker process is ready to serve import requests
Launched and connected shader compiler UnityShaderCompiler.exe after 0.08 seconds
Refreshing native plugins compatible for Editor in 0.77 ms, found 3 plugins.
Preloading 0 native plugins for Editor in 0.00 ms.
Unloading 2555 Unused Serialized files (Serialized files now loaded: 0)
System memory in use before: 111.5 MB.
System memory in use after: 111.7 MB.

Unloading 28 unused Assets to reduce memory usage. Loaded Objects now: 2992.
Total: 6.095300 ms (FindLiveObjects: 0.582900 ms CreateObjectMapping: 0.402800 ms MarkObjects: 5.000800 ms  DeleteObjects: 0.106200 ms)

AssetImportParameters requested are different than current active one (requested -> active):
  custom:framework-win-MediaFoundation: 216162199b28c13a410421893ffa2e32 -> 
  custom:video-decoder-ogg-theora: a1e56fd34408186e4bbccfd4996cb3dc -> 
  custom:container-muxer-webm: aa71ff27fc2769a1b78a27578f13a17b -> 
  custom:container-demuxer-webm: 4f35f7cbe854078d1ac9338744f61a02 -> 
  custom:container-demuxer-ogg: 62fdf1f143b41e24485cea50d1cbac27 -> 
  custom:video-encoder-webm-vp8: eb34c28f22e8b96e1ab97ce403110664 -> 
  custom:video-codec-MediaFoundation-h265: 746d11721c4dcdbdad8f713fa42b33f4 -> 
  custom:video-decoder-webm-vp8: 9c59270c3fd7afecdb556c50c9e8de78 -> 
  custom:audio-decoder-ogg-vorbis: bf7c407c2cedff20999df2af8eb42d56 -> 
  custom:audio-encoder-webm-vorbis: bf7c407c2cedff20999df2af8eb42d56 -> 
========================================================================
Received Import Request.
  path: Assets/Scenes/GameLvl6.unity
  artifactKey: Guid(79a493e937be760419976dcecc764fc1) Importer(815301076,1909f56bfc062723c751e8b465ee728b)
Start importing Assets/Scenes/GameLvl6.unity using Guid(79a493e937be760419976dcecc764fc1) Importer(815301076,1909f56bfc062723c751e8b465ee728b)  -> (artifact id: 'a24d8154767a86b9816713957773c414') in 0.025720 seconds 
========================================================================
Received Import Request.
  Time since last request: 1656.753453 seconds.
  path: Assets/Scenes/GameLvl7.unity
  artifactKey: Guid(c1737dc7d1f30344f98fe9dadd548bc1) Importer(815301076,1909f56bfc062723c751e8b465ee728b)
Start importing Assets/Scenes/GameLvl7.unity using Guid(c1737dc7d1f30344f98fe9dadd548bc1) Importer(815301076,1909f56bfc062723c751e8b465ee728b)  -> (artifact id: '25cb95139bcf5565f26ec00aba9a19d4') in 0.006369 seconds 
========================================================================
Received Import Request.
  Time since last request: 113.683797 seconds.
  path: Assets/Scenes/GameLvl6.unity
  artifactKey: Guid(79a493e937be760419976dcecc764fc1) Importer(815301076,1909f56bfc062723c751e8b465ee728b)
Start importing Assets/Scenes/GameLvl6.unity using Guid(79a493e937be760419976dcecc764fc1) Importer(815301076,1909f56bfc062723c751e8b465ee728b)  -> (artifact id: 'f4584cae5a5255907096f45aad6edea2') in 0.004430 seconds 
========================================================================
Received Import Request.
  Time since last request: 1567.320061 seconds.
  path: Assets/Scenes/GamaLvl2.unity
  artifactKey: Guid(06762dca6066a92408ffb8ce653ec82c) Importer(815301076,1909f56bfc062723c751e8b465ee728b)
Start importing Assets/Scenes/GamaLvl2.unity using Guid(06762dca6066a92408ffb8ce653ec82c) Importer(815301076,1909f56bfc062723c751e8b465ee728b)  -> (artifact id: '8b12f7aba5eecbe3da4fbefb45aed387') in 0.004529 seconds 
========================================================================
Received Import Request.
  Time since last request: 535.355283 seconds.
  path: Assets/Scenes/GameLvl4.unity
  artifactKey: Guid(6f31e64ee1417b34b882c70954e2fdc1) Importer(815301076,1909f56bfc062723c751e8b465ee728b)
Start importing Assets/Scenes/GameLvl4.unity using Guid(6f31e64ee1417b34b882c70954e2fdc1) Importer(815301076,1909f56bfc062723c751e8b465ee728b)  -> (artifact id: 'c758ccca5e3b410038244152f8652964') in 0.004319 seconds 
========================================================================
Received Import Request.
  Time since last request: 18.032733 seconds.
  path: Assets/Scenes/GameLvl7.unity
  artifactKey: Guid(c1737dc7d1f30344f98fe9dadd548bc1) Importer(815301076,1909f56bfc062723c751e8b465ee728b)
Start importing Assets/Scenes/GameLvl7.unity using Guid(c1737dc7d1f30344f98fe9dadd548bc1) Importer(815301076,1909f56bfc062723c751e8b465ee728b)  -> (artifact id: '875cb22a5e8e21fdb7942c72c3ba6a17') in 0.003740 seconds 
========================================================================
Received Import Request.
  Time since last request: 47.966610 seconds.
  path: Assets/Scenes/GameLvl8.unity
  artifactKey: Guid(da54da9321f5fd74e8833c2f151a13d8) Importer(815301076,1909f56bfc062723c751e8b465ee728b)
Start importing Assets/Scenes/GameLvl8.unity using Guid(da54da9321f5fd74e8833c2f151a13d8) Importer(815301076,1909f56bfc062723c751e8b465ee728b)  -> (artifact id: 'b20585163ef1d76f0431fd6e699b26f5') in 0.004414 seconds 
========================================================================
Received Import Request.
  Time since last request: 6.260349 seconds.
  path: Assets/Scenes/GamaLvl2.unity
  artifactKey: Guid(06762dca6066a92408ffb8ce653ec82c) Importer(815301076,1909f56bfc062723c751e8b465ee728b)
Start importing Assets/Scenes/GamaLvl2.unity using Guid(06762dca6066a92408ffb8ce653ec82c) Importer(815301076,1909f56bfc062723c751e8b465ee728b)  -> (artifact id: '57704ea31d6e2cdf9ff2c15fbf25a6c3') in 0.004148 seconds 
========================================================================
Received Import Request.
  Time since last request: 1.245693 seconds.
  path: Assets/Scenes/GameLvl3.unity
  artifactKey: Guid(4807181f56277854fbbddd3bc9c68494) Importer(815301076,1909f56bfc062723c751e8b465ee728b)
Start importing Assets/Scenes/GameLvl3.unity using Guid(4807181f56277854fbbddd3bc9c68494) Importer(815301076,1909f56bfc062723c751e8b465ee728b)  -> (artifact id: '0d131682ecdf9420dbb7acfbf07f4266') in 0.004969 seconds 
========================================================================
Received Import Request.
  Time since last request: 2.998407 seconds.
  path: Assets/Scenes/GameLvl6.unity
  artifactKey: Guid(79a493e937be760419976dcecc764fc1) Importer(815301076,1909f56bfc062723c751e8b465ee728b)
Start importing Assets/Scenes/GameLvl6.unity using Guid(79a493e937be760419976dcecc764fc1) Importer(815301076,1909f56bfc062723c751e8b465ee728b)  -> (artifact id: '1cfc95d32d40414236547f222be1720b') in 0.004328 seconds 
========================================================================
Received Import Request.
  Time since last request: 1.222595 seconds.
  path: Assets/Scenes/GameLvl7.unity
  artifactKey: Guid(c1737dc7d1f30344f98fe9dadd548bc1) Importer(815301076,1909f56bfc062723c751e8b465ee728b)
Start importing Assets/Scenes/GameLvl7.unity using Guid(c1737dc7d1f30344f98fe9dadd548bc1) Importer(815301076,1909f56bfc062723c751e8b465ee728b)  -> (artifact id: '854111ebbad98c4f94e9a73506d12ccd') in 0.003599 seconds 
========================================================================
Received Import Request.
  Time since last request: 909.725950 seconds.
  path: Assets/Scenes/GameLvl7.unity
  artifactKey: Guid(c1737dc7d1f30344f98fe9dadd548bc1) Importer(815301076,1909f56bfc062723c751e8b465ee728b)
Start importing Assets/Scenes/GameLvl7.unity using Guid(c1737dc7d1f30344f98fe9dadd548bc1) Importer(815301076,1909f56bfc062723c751e8b465ee728b)  -> (artifact id: '4197005a9b1e8296a882d03ed3eedeb9') in 0.004497 seconds 
========================================================================
Received Import Request.
  Time since last request: 131.230772 seconds.
  path: Assets/Scenes/GameLvl8.unity
  artifactKey: Guid(da54da9321f5fd74e8833c2f151a13d8) Importer(815301076,1909f56bfc062723c751e8b465ee728b)
Start importing Assets/Scenes/GameLvl8.unity using Guid(da54da9321f5fd74e8833c2f151a13d8) Importer(815301076,1909f56bfc062723c751e8b465ee728b)  -> (artifact id: 'd434cd54e99b29c3c5b42ed75125f272') in 0.004860 seconds 
========================================================================
Received Import Request.
  Time since last request: 124.273990 seconds.
  path: Assets/Scenes/GameLvl8.unity
  artifactKey: Guid(da54da9321f5fd74e8833c2f151a13d8) Importer(815301076,1909f56bfc062723c751e8b465ee728b)
Start importing Assets/Scenes/GameLvl8.unity using Guid(da54da9321f5fd74e8833c2f151a13d8) Importer(815301076,1909f56bfc062723c751e8b465ee728b)  -> (artifact id: '831dd92d97fa25226a30e7bd178ff3a7') in 0.003780 seconds 
========================================================================
Received Import Request.
  Time since last request: 2410.588888 seconds.
  path: Assets/Scenes/GameLvl9.unity
  artifactKey: Guid(71d4c1f66ce562840b03e7c9063bea99) Importer(815301076,1909f56bfc062723c751e8b465ee728b)
Start importing Assets/Scenes/GameLvl9.unity using Guid(71d4c1f66ce562840b03e7c9063bea99) Importer(815301076,1909f56bfc062723c751e8b465ee728b)  -> (artifact id: 'e8e2c05d674eefc708d9497bae54003c') in 0.007973 seconds 
========================================================================
Received Import Request.
  Time since last request: 1495.387176 seconds.
  path: Assets/Scenes/GameLvl10.unity
  artifactKey: Guid(5673dd9271393774987571874b1fe556) Importer(815301076,1909f56bfc062723c751e8b465ee728b)
Start importing Assets/Scenes/GameLvl10.unity using Guid(5673dd9271393774987571874b1fe556) Importer(815301076,1909f56bfc062723c751e8b465ee728b)  -> (artifact id: '53cc155b00cd01eb69be8b79947b676e') in 0.005993 seconds 
========================================================================
Received Import Request.
  Time since last request: 143.736280 seconds.
  path: Assets/Scenes/GameLvl9.unity
  artifactKey: Guid(71d4c1f66ce562840b03e7c9063bea99) Importer(815301076,1909f56bfc062723c751e8b465ee728b)
Start importing Assets/Scenes/GameLvl9.unity using Guid(71d4c1f66ce562840b03e7c9063bea99) Importer(815301076,1909f56bfc062723c751e8b465ee728b)  -> (artifact id: 'aa801957cab19e0ea605143cc626246e') in 0.005981 seconds 
========================================================================
Received Import Request.
  Time since last request: 84.420888 seconds.
  path: Assets/Scenes/GameLvl10.unity
  artifactKey: Guid(5673dd9271393774987571874b1fe556) Importer(815301076,1909f56bfc062723c751e8b465ee728b)
Start importing Assets/Scenes/GameLvl10.unity using Guid(5673dd9271393774987571874b1fe556) Importer(815301076,1909f56bfc062723c751e8b465ee728b)  -> (artifact id: 'ca34d68c5acc5b6281eda9c388cd4654') in 0.004846 seconds 
========================================================================
Received Import Request.
  Time since last request: 47.956170 seconds.
  path: Assets/Scenes/GameLvl10.unity
  artifactKey: Guid(5673dd9271393774987571874b1fe556) Importer(815301076,1909f56bfc062723c751e8b465ee728b)
Start importing Assets/Scenes/GameLvl10.unity using Guid(5673dd9271393774987571874b1fe556) Importer(815301076,1909f56bfc062723c751e8b465ee728b)  -> (artifact id: '9515295224bb04ad3e8406659e8099f5') in 0.005152 seconds 
========================================================================
Received Import Request.
  Time since last request: 20.070506 seconds.
  path: Assets/Scenes/GameLvl10.unity
  artifactKey: Guid(5673dd9271393774987571874b1fe556) Importer(815301076,1909f56bfc062723c751e8b465ee728b)
Start importing Assets/Scenes/GameLvl10.unity using Guid(5673dd9271393774987571874b1fe556) Importer(815301076,1909f56bfc062723c751e8b465ee728b)  -> (artifact id: '0453c09e75dd910cba6fc8fa7065f070') in 0.005164 seconds 
========================================================================
Received Import Request.
  Time since last request: 61.892811 seconds.
  path: Assets/Scenes/GameLvl10.unity
  artifactKey: Guid(5673dd9271393774987571874b1fe556) Importer(815301076,1909f56bfc062723c751e8b465ee728b)
Start importing Assets/Scenes/GameLvl10.unity using Guid(5673dd9271393774987571874b1fe556) Importer(815301076,1909f56bfc062723c751e8b465ee728b)  -> (artifact id: 'e2f8a8d1e483f4d4b38114bfbb966d39') in 0.005170 seconds 
========================================================================
Received Import Request.
  Time since last request: 59.775254 seconds.
  path: Assets/Scenes/GameLvl10.unity
  artifactKey: Guid(5673dd9271393774987571874b1fe556) Importer(815301076,1909f56bfc062723c751e8b465ee728b)
Start importing Assets/Scenes/GameLvl10.unity using Guid(5673dd9271393774987571874b1fe556) Importer(815301076,1909f56bfc062723c751e8b465ee728b)  -> (artifact id: '5ad0c5d0b526dedfdae5184c1f73bbf0') in 0.005580 seconds 
========================================================================
Received Import Request.
  Time since last request: 1.544788 seconds.
  path: Assets/Scenes/GameLvl8.unity
  artifactKey: Guid(da54da9321f5fd74e8833c2f151a13d8) Importer(815301076,1909f56bfc062723c751e8b465ee728b)
Start importing Assets/Scenes/GameLvl8.unity using Guid(da54da9321f5fd74e8833c2f151a13d8) Importer(815301076,1909f56bfc062723c751e8b465ee728b)  -> (artifact id: '939873b6e509ed26996d4ca465101cad') in 0.004771 seconds 
AssetImportWorkerClient::OnTransportError - code=2 error=End of file
